生成启动时间为 2019/9/21 星期六 14:38:02。
     1>项目“D:\Code\C++与数据结构\网络通讯\员工系统(客户端)\Client\Client\Client.vcxproj”在节点 2 上(build 个目标)。
     1>InitializeBuildStatus:
         正在创建“Debug\Client.unsuccessfulbuild”，因为已指定“AlwaysCreate”。
       ClCompile:
         C:\Program Files (x86)\Microsoft Visual Studio 10.0\VC\bin\CL.exe /c /ZI /nologo /W3 /WX- /Od /Oy- /D _MBCS /Gm /EHsc /RTC1 /MDd /GS /fp:precise /Zc:wchar_t /Zc:forScope /Fo"Debug\\" /Fd"Debug\vc100.pdb" /Gd /TP /analyze- /errorReport:prompt Admin.cpp Student.cpp
         Student.cpp
     1>d:\code\c++与数据结构\网络通讯\员工系统(客户端)\client\client\student.cpp(213): warning C4800: “int”: 将值强制为布尔值“true”或“false”(性能警告)
         Admin.cpp
         正在生成代码...
       Link:
         C:\Program Files (x86)\Microsoft Visual Studio 10.0\VC\bin\link.exe /ERRORREPORT:PROMPT /OUT:"D:\Code\C++与数据结构\网络通讯\员工系统(客户端)\Client\Debug\Client.exe" /NOLOGO ws2_32.lib kernel32.lib user32.lib gdi32.lib winspool.lib comdlg32.lib advapi32.lib shell32.lib ole32.lib oleaut32.lib uuid.lib odbc32.lib odbccp32.lib kernel32.lib user32.lib gdi32.lib winspool.lib comdlg32.lib advapi32.lib shell32.lib ole32.lib oleaut32.lib uuid.lib odbc32.lib odbccp32.lib /MANIFEST /ManifestFile:"Debug\Client.exe.intermediate.manifest" /MANIFESTUAC:"level='asInvoker' uiAccess='false'" /DEBUG /PDB:"D:\Code\C++与数据结构\网络通讯\员工系统(客户端)\Client\Debug\Client.pdb" /TLBID:1 /DYNAMICBASE /NXCOMPAT /IMPLIB:"D:\Code\C++与数据结构\网络通讯\员工系统(客户端)\Client\Debug\Client.lib" /MACHINE:X86 Debug\Admin.obj
         Debug\main.obj
         Debug\Sokethd.obj
         Debug\Student.obj
         LINK : 没有找到 D:\Code\C++与数据结构\网络通讯\员工系统(客户端)\Client\Debug\Client.exe 或上一个增量链接没有生成它；正在执行完全链接
         Client.vcxproj -> D:\Code\C++与数据结构\网络通讯\员工系统(客户端)\Client\Debug\Client.exe
       Manifest:
         C:\Program Files (x86)\Microsoft SDKs\Windows\v7.0A\bin\mt.exe /nologo /verbose /outputresource:"D:\Code\C++与数据结构\网络通讯\员工系统(客户端)\Client\Debug\Client.exe;#1" /manifest Debug\Client.exe.intermediate.manifest
       FinalizeBuildStatus:
         正在删除文件“Debug\Client.unsuccessfulbuild”。
         正在对“Debug\Client.lastbuildstate”执行 Touch 任务。
     1>已完成生成项目“D:\Code\C++与数据结构\网络通讯\员工系统(客户端)\Client\Client\Client.vcxproj”(build 个目标)的操作。

生成成功。

已用时间 00:00:00.94
