生成启动时间为 2019/9/21 星期六 18:19:48。
     1>项目“D:\Code\C++与数据结构\网络通讯\员工系统(服务器)\Sever\Sever\Sever.vcxproj”在节点 2 上(build 个目标)。
     1>InitializeBuildStatus:
         正在创建“Debug\Sever.unsuccessfulbuild”，因为已指定“AlwaysCreate”。
       ClCompile:
         C:\Program Files (x86)\Microsoft Visual Studio 10.0\VC\bin\CL.exe /c /ZI /nologo /W3 /WX- /Od /Oy- /D _MBCS /Gm /EHsc /RTC1 /MDd /GS /fp:precise /Zc:wchar_t /Zc:forScope /Fo"Debug\\" /Fd"Debug\vc100.pdb" /Gd /TP /analyze- /errorReport:prompt Admin.cpp
         Admin.cpp
     1>d:\code\c++与数据结构\网络通讯\员工系统(服务器)\sever\sever\admin.cpp(66): warning C4996: 'stricmp': The POSIX name for this item is deprecated. Instead, use the ISO C++ conformant name: _stricmp. See online help for details.
                 c:\program files (x86)\microsoft visual studio 10.0\vc\include\string.h(246) : 参见“stricmp”的声明
       Link:
         C:\Program Files (x86)\Microsoft Visual Studio 10.0\VC\bin\link.exe /ERRORREPORT:PROMPT /OUT:"D:\Code\C++与数据结构\网络通讯\员工系统(服务器)\Sever\Debug\Sever.exe" /NOLOGO kernel32.lib user32.lib gdi32.lib winspool.lib comdlg32.lib advapi32.lib shell32.lib ole32.lib oleaut32.lib uuid.lib odbc32.lib odbccp32.lib /MANIFEST /ManifestFile:"Debug\Sever.exe.intermediate.manifest" /MANIFESTUAC:"level='asInvoker' uiAccess='false'" /DEBUG /PDB:"D:\Code\C++与数据结构\网络通讯\员工系统(服务器)\Sever\Debug\Sever.pdb" /TLBID:1 /DYNAMICBASE /NXCOMPAT /IMPLIB:"D:\Code\C++与数据结构\网络通讯\员工系统(服务器)\Sever\Debug\Sever.lib" /MACHINE:X86 Debug\Admin.obj
         Debug\main.obj
         Debug\Sokethd.obj
         Debug\Student.obj
         LINK : 没有找到 D:\Code\C++与数据结构\网络通讯\员工系统(服务器)\Sever\Debug\Sever.exe 或上一个增量链接没有生成它；正在执行完全链接
         Sever.vcxproj -> D:\Code\C++与数据结构\网络通讯\员工系统(服务器)\Sever\Debug\Sever.exe
       Manifest:
         C:\Program Files (x86)\Microsoft SDKs\Windows\v7.0A\bin\mt.exe /nologo /verbose /outputresource:"D:\Code\C++与数据结构\网络通讯\员工系统(服务器)\Sever\Debug\Sever.exe;#1" /manifest Debug\Sever.exe.intermediate.manifest
       FinalizeBuildStatus:
         正在删除文件“Debug\Sever.unsuccessfulbuild”。
         正在对“Debug\Sever.lastbuildstate”执行 Touch 任务。
     1>已完成生成项目“D:\Code\C++与数据结构\网络通讯\员工系统(服务器)\Sever\Sever\Sever.vcxproj”(build 个目标)的操作。

生成成功。

已用时间 00:00:01.02
